<?xml version="1.0" encoding="UTF-8"?>
<!-- Generated by org.testng.reporters.JUnitReportReporter -->
<testsuite hostname="MAA125CG040007V" failures="0" tests="2" name="com.demo.testcase.Login" time="6.616" errors="0" timestamp="2024-03-12T13:51:37 IST" skipped="0">
  <testcase classname="com.demo.testcase.Login" name="ScreenShot" time="3.042"/>
  <testcase classname="com.demo.testcase.Login" name="Login" time="3.574"/>
</testsuite> <!-- com.demo.testcase.Login -->
