<?xml version="1.0" encoding="UTF-8"?>
<!-- Generated by org.testng.reporters.JUnitReportReporter -->
<testsuite hostname="MAA125CG040007V" failures="0" tests="1" name="com.np.ScrollDemo" time="12.622" errors="0" timestamp="22 Apr 2024 09:59:35 GMT" skipped="0">
  <testcase classname="com.np.ScrollDemo" name="ScrollDemoTest" time="12.622"/>
</testsuite> <!-- com.np.ScrollDemo -->
