<?xml version="1.0" encoding="UTF-8"?>
<!-- Generated by org.testng.reporters.JUnitReportReporter -->
<testsuite hostname="MAA125CG040007V" failures="0" tests="1" name="com.np.MisceallanousAppiumActions" time="10.729" errors="0" timestamp="24 Apr 2024 17:38:07 GMT" skipped="0">
  <testcase classname="com.np.MisceallanousAppiumActions" name="Misceallanous" time="10.729"/>
</testsuite> <!-- com.np.MisceallanousAppiumActions -->
