<?xml version="1.0" encoding="UTF-8"?>
<!-- Generated by org.testng.reporters.JUnitReportReporter -->
<testsuite hostname="MAA125CG040007V" failures="0" tests="1" name="com.np.AssignmentLecture39" time="12.998" errors="0" timestamp="24 Apr 2024 16:26:56 GMT" skipped="0">
  <testcase classname="com.np.AssignmentLecture39" name="AssignmentDemoTest" time="12.998"/>
</testsuite> <!-- com.np.AssignmentLecture39 -->
