<?xml version="1.0" encoding="UTF-8"?>
<!-- Generated by org.testng.reporters.JUnitReportReporter -->
<testsuite hostname="MAA125CG040007V" failures="0" tests="1" name="com.np.LongPress" time="15.850" errors="0" timestamp="22 Apr 2024 09:05:42 GMT" skipped="0">
  <testcase classname="com.np.LongPress" name="LongPressGesture" time="15.850"/>
</testsuite> <!-- com.np.LongPress -->
