<?xml version="1.0" encoding="UTF-8"?>
<!-- Generated by org.testng.reporters.JUnitReportReporter -->
<testsuite hostname="MAA125CG040007V" failures="0" tests="1" name="com.np.SwipeDemo" time="5.947" errors="0" timestamp="22 Apr 2024 10:51:59 GMT" skipped="0">
  <testcase classname="com.np.SwipeDemo" name="SwipeDemoTest" time="5.947"/>
</testsuite> <!-- com.np.SwipeDemo -->
